0 info it worked if it ends with ok
1 verbose cli [ '/usr/local/Cellar/node/0.10.21/bin/node',
1 verbose cli   '/usr/local/bin/npm',
1 verbose cli   '-g',
1 verbose cli   'install',
1 verbose cli   'grunt-cli',
1 verbose cli   'karma',
1 verbose cli   'bower' ]
2 info using npm@1.3.11
3 info using node@v0.10.21
4 verbose cache add [ 'grunt-cli', null ]
5 verbose cache add name=undefined spec="grunt-cli" args=["grunt-cli",null]
6 verbose parsed url { protocol: null,
6 verbose parsed url   slashes: null,
6 verbose parsed url   auth: null,
6 verbose parsed url   host: null,
6 verbose parsed url   port: null,
6 verbose parsed url   hostname: null,
6 verbose parsed url   hash: null,
6 verbose parsed url   search: null,
6 verbose parsed url   query: null,
6 verbose parsed url   pathname: 'grunt-cli',
6 verbose parsed url   path: 'grunt-cli',
6 verbose parsed url   href: 'grunt-cli' }
7 verbose cache add [ 'karma', null ]
8 verbose cache add name=undefined spec="karma" args=["karma",null]
9 verbose parsed url { protocol: null,
9 verbose parsed url   slashes: null,
9 verbose parsed url   auth: null,
9 verbose parsed url   host: null,
9 verbose parsed url   port: null,
9 verbose parsed url   hostname: null,
9 verbose parsed url   hash: null,
9 verbose parsed url   search: null,
9 verbose parsed url   query: null,
9 verbose parsed url   pathname: 'karma',
9 verbose parsed url   path: 'karma',
9 verbose parsed url   href: 'karma' }
10 verbose cache add [ 'bower', null ]
11 verbose cache add name=undefined spec="bower" args=["bower",null]
12 verbose parsed url { protocol: null,
12 verbose parsed url   slashes: null,
12 verbose parsed url   auth: null,
12 verbose parsed url   host: null,
12 verbose parsed url   port: null,
12 verbose parsed url   hostname: null,
12 verbose parsed url   hash: null,
12 verbose parsed url   search: null,
12 verbose parsed url   query: null,
12 verbose parsed url   pathname: 'bower',
12 verbose parsed url   path: 'bower',
12 verbose parsed url   href: 'bower' }
13 silly lockFile 671ef8ac-grunt-cli grunt-cli
14 verbose lock grunt-cli /Users/agc/.npm/671ef8ac-grunt-cli.lock
15 silly lockFile 512423cb-karma karma
16 verbose lock karma /Users/agc/.npm/512423cb-karma.lock
17 silly lockFile 206e3ce5-bower bower
18 verbose lock bower /Users/agc/.npm/206e3ce5-bower.lock
19 silly lockFile 671ef8ac-grunt-cli grunt-cli
20 silly lockFile 671ef8ac-grunt-cli grunt-cli
21 silly lockFile 512423cb-karma karma
22 silly lockFile 512423cb-karma karma
23 silly lockFile 206e3ce5-bower bower
24 silly lockFile 206e3ce5-bower bower
25 verbose addNamed [ 'grunt-cli', '' ]
26 verbose addNamed [ null, '*' ]
27 silly lockFile d63f3d0b-grunt-cli grunt-cli@
28 verbose lock grunt-cli@ /Users/agc/.npm/d63f3d0b-grunt-cli.lock
29 verbose addNamed [ 'karma', '' ]
30 verbose addNamed [ null, '*' ]
31 silly lockFile cd7961bb-karma karma@
32 verbose lock karma@ /Users/agc/.npm/cd7961bb-karma.lock
33 verbose addNamed [ 'bower', '' ]
34 verbose addNamed [ null, '*' ]
35 silly lockFile 1240aab1-bower bower@
36 verbose lock bower@ /Users/agc/.npm/1240aab1-bower.lock
37 silly addNameRange { name: 'grunt-cli', range: '*', hasData: false }
38 silly addNameRange { name: 'karma', range: '*', hasData: false }
39 silly addNameRange { name: 'bower', range: '*', hasData: false }
40 verbose url raw grunt-cli
41 verbose url resolving [ 'https://registry.npmjs.org/', './grunt-cli' ]
42 verbose url resolved https://registry.npmjs.org/grunt-cli
43 info trying registry request attempt 1 at 19:46:17
44 http GET https://registry.npmjs.org/grunt-cli
45 verbose url raw bower
46 verbose url resolving [ 'https://registry.npmjs.org/', './bower' ]
47 verbose url resolved https://registry.npmjs.org/bower
48 info trying registry request attempt 1 at 19:46:17
49 http GET https://registry.npmjs.org/bower
50 verbose url raw karma
51 verbose url resolving [ 'https://registry.npmjs.org/', './karma' ]
52 verbose url resolved https://registry.npmjs.org/karma
53 info trying registry request attempt 1 at 19:46:17
54 verbose etag "DDJQ7G4C6GLHOAVXPF1C2J57I"
55 http GET https://registry.npmjs.org/karma
56 info retry will retry, error on last attempt: Error: connect Unknown system errno 64
57 info retry will retry, error on last attempt: Error: connect Unknown system errno 64
58 info retry will retry, error on last attempt: Error: connect Unknown system errno 64
59 info trying registry request attempt 2 at 19:46:27
60 verbose etag "DDJQ7G4C6GLHOAVXPF1C2J57I"
61 http GET https://registry.npmjs.org/karma
62 info retry will retry, error on last attempt: Error: connect Unknown system errno 64
63 info trying registry request attempt 2 at 19:46:27
64 http GET https://registry.npmjs.org/bower
65 info trying registry request attempt 2 at 19:46:27
66 http GET https://registry.npmjs.org/grunt-cli
67 info retry will retry, error on last attempt: Error: connect Unknown system errno 64
68 info retry will retry, error on last attempt: Error: connect Unknown system errno 64
69 info trying registry request attempt 3 at 19:47:27
70 verbose etag "DDJQ7G4C6GLHOAVXPF1C2J57I"
71 http GET https://registry.npmjs.org/karma
72 silly registry.get cb [ 304, undefined ]
73 verbose etag karma from cache
74 info trying registry request attempt 3 at 19:47:27
75 http GET https://registry.npmjs.org/bower
76 info trying registry request attempt 3 at 19:47:27
77 http GET https://registry.npmjs.org/grunt-cli
78 silly lockFile 1240aab1-bower bower@
79 silly lockFile 1240aab1-bower bower@
80 silly lockFile d63f3d0b-grunt-cli grunt-cli@
81 silly lockFile d63f3d0b-grunt-cli grunt-cli@
82 error Error: connect Unknown system errno 64
82 error     at errnoException (net.js:901:11)
82 error     at connect (net.js:764:19)
82 error     at net.js:842:9
82 error     at asyncCallback (dns.js:68:16)
82 error     at Object.onanswer [as oncomplete] (dns.js:121:9)
83 error If you need help, you may report this log at:
83 error     <http://github.com/isaacs/npm/issues>
83 error or email it to:
83 error     <npm-@googlegroups.com>
84 error System Darwin 13.0.0
85 error command "/usr/local/Cellar/node/0.10.21/bin/node" "/usr/local/bin/npm" "-g" "install" "grunt-cli" "karma" "bower"
86 error cwd /Users/agc/Central/Desarrollo/AngularJS
87 error node -v v0.10.21
88 error npm -v 1.3.11
89 error syscall connect
90 error code Unknown system errno 64
91 error errno Unknown system errno 64
92 verbose exit [ 1, true ]
